<?xml version="1.0" encoding="UTF-8"?>
<testng-results total="1" passed="1" failed="0" skipped="0">
  <reporter-output>
  </reporter-output>
  <suite started-at="2018-08-22T23:34:23Z" name="Default suite" finished-at="2018-08-22T23:34:40Z" duration-ms="16896">
    <groups>
    </groups>
    <test started-at="2018-08-22T23:34:23Z" name="Default test" finished-at="2018-08-22T23:34:40Z" duration-ms="16896">
      <class name="mouseHoverAction.MouseHoverAction">
        <test-method is-config="true" signature="InvokeBrowser()[pri:0, instance:mouseHoverAction.MouseHoverAction@7af707e0]" started-at="2018-08-22T19:34:23Z" name="InvokeBrowser" finished-at="2018-08-22T19:34:24Z" duration-ms="1236" status="PASS">
          <reporter-output>
          </reporter-output>
        </test-method> <!-- InvokeBrowser -->
        <test-method signature="MouseHover()[pri:0, instance:mouseHoverAction.MouseHoverAction@7af707e0]" started-at="2018-08-22T19:34:24Z" name="MouseHover" finished-at="2018-08-22T19:34:37Z" duration-ms="13100" status="PASS">
          <reporter-output>
          </reporter-output>
        </test-method> <!-- MouseHover -->
        <test-method is-config="true" signature="tearDown()[pri:0, instance:mouseHoverAction.MouseHoverAction@7af707e0]" started-at="2018-08-22T19:34:37Z" name="tearDown" finished-at="2018-08-22T19:34:40Z" duration-ms="2519" status="PASS">
          <reporter-output>
          </reporter-output>
        </test-method> <!-- tearDown -->
      </class> <!-- mouseHoverAction.MouseHoverAction -->
    </test> <!-- Default test -->
  </suite> <!-- Default suite -->
</testng-results>
